Arguments: 
  /snap/node/3168/bin/node /snap/node/3168/bin/yarn.js global dir --json

PATH: 
  /home/stahfax/.local/npm/bin:/home/stahfax/.local/bin:/usr/local/sbin:/usr/local/bin:/usr/sbin:/usr/bin:/sbin:/bin:/usr/games:/usr/local/games:/snap/bin

Yarn version: 
  1.22.5

Node version: 
  12.19.0

Platform: 
  linux x64

Trace: 
  Error: package.json: EACCES: permission denied, write
      at writeSync (fs.js:679:3)
      at SyncWriteStream._write (internal/fs/sync_write_stream.js:24:3)
      at doWrite (_stream_writable.js:403:12)
      at writeOrBuffer (_stream_writable.js:387:5)
      at SyncWriteStream.Writable.write (_stream_writable.js:318:11)
      at JSONReporter._dump (/snap/node/3168/lib/cli.js:49772:12)
      at JSONReporter.warn (/snap/node/3168/lib/cli.js:49820:10)
      at warn (/snap/node/3168/lib/cli.js:51521:23)
      at module.exports.exports.default (/snap/node/3168/lib/cli.js:37358:7)
      at /snap/node/3168/lib/cli.js:51532:51

npm manifest: 
  {
  	"name": "express-skeleton",
  	"displayName": "express-skeleton",
  	"description": "Uses the express-generator cli tool to create an application skeleton.",
  	"publisher": "ChristianRM",
  	"repository": {
  		"type": "git",
  		"url": "https://github.com/ChristianRM/express-skeleton-generator.git"
  		
  	},
  	"icon": "media/icon.png",
  	"version": "0.1.1",
  	"engines": {
  		"vscode": "^1.48.0"
  	},
  	"categories": [
  		"Other"
  	],
  	"activationEvents": [
  		"onCommand:express-skeleton.generator"
  	],
  	"main": "./extension.js",
  	"contributes": {
  		"commands": [
  			{
  				"command": "express-skeleton.generator",
  				"title": "Express Skeleton Generator"
  			}
  		],
  		"configuration":{
  			"title": "expres-skeleton",
  			"type": "object",
  			"properties": {
  				"express-skeleton.alwaysShowStatus": {
  					"type": "boolean",
  					"default": false,
  					"description": "Always show the ESlint status bar item.",
  					"scope": "window"
  				}
  			}
  		}
  	},
  	"scripts": {
  		"lint": "eslint .",
  		"pretest": "npm run lint",
  		"test": "node ./test/runTest.js"
  	},
  	"devDependencies": {
  		"@types/vscode": "^1.48.0",
  		"@types/glob": "^7.1.3",
  		"@types/mocha": "^8.0.0",
  		"@types/node": "^12.11.7",
  		"eslint": "^7.9.0",
  		"glob": "^7.1.6",
  		"mocha": "^8.1.3",
  		"typescript": "^4.0.2",
  		"vscode-test": "^1.4.0"
  	}
  }

yarn manifest: 
  No manifest

Lockfile: 
  No lockfile
